<?xml version="1.0" encoding="UTF-8"?><testsuite errors="0" failures="1" name="Update User" skipped="0" tests="13" time="23.81" timestamp="2022-11-14 04:57:52"><testcase name="Put update user with all valid data and authorization"/><testcase name="Put update user with all valid data and unauthorization"/><testcase name="Put update user with input numeric name"/><testcase name="Put update user with input special char name"/><testcase name="Put update user with invalid email"/><testcase name="Put update user with numeric password"/><testcase name="Put update user with invalid password"/><testcase name="Put update user with invalid images extention"><failure message="1 expectation failed.&#10;Expected status code &lt;400&gt; but was &lt;201&gt;.&#10;" type="java.lang.AssertionError">1 expectation failed.
Expected status code &lt;400&gt; but was &lt;201&gt;.
</failure><system-err>1 expectation failed.
Expected status code &lt;400&gt; but was &lt;201&gt;.
&#13;
io.restassured.internal.ResponseSpecificationImpl.validateResponseIfRequired(ResponseSpecificationImpl.groovy:674)&#13;
io.restassured.internal.ResponseSpecificationImpl.statusCode(ResponseSpecificationImpl.groovy:126)&#13;
io.restassured.internal.ResponseSpecificationImpl.statusCode(ResponseSpecificationImpl.groovy:134)&#13;
io.restassured.internal.ValidatableResponseOptionsImpl.statusCode(ValidatableResponseOptionsImpl.java:89)&#13;
io.restassured.internal.ValidatableResponseImpl.super$2$statusCode(ValidatableResponseImpl.groovy)&#13;
groovy.lang.MetaMethod.doMethodInvoke(MetaMethod.java:323)&#13;
groovy.lang.MetaClassImpl.invokeMethod(MetaClassImpl.java:1267)&#13;
io.restassured.internal.ValidatableResponseImpl.statusCode(ValidatableResponseImpl.groovy:142)&#13;
io.restassured.internal.ValidatableResponseImpl.statusCode(ValidatableResponseImpl.groovy)&#13;
mentutor.adminStepDef.DeleteClassStefDef.shouldReturnStatusCodeBadRequest(DeleteClassStefDef.java:42)&#13;
✽.Should return status code 400 Bad request(classpath:features/Admin/UpdateUser.feature:78)&#13;
</system-err></testcase><testcase name="Put update user with id_class not registered"/><testcase name="Put update user with all empty data in body JSON"/></testsuite>