<?xml version="1.0" encoding="UTF-8"?><testsuite errors="0" failures="0" name="Login All users" skipped="0" tests="12" time="10.34" timestamp="2022-11-14 04:59:00"><testcase name="Login user with valid data"/><testcase name="Login user with unregistered email"/><testcase name="Login user with invalid email"/><testcase name="Login user with invalid password"/><testcase name="Login user with all invalid data"/><testcase name="Login user with empty email"/><testcase name="Login user with empty password"/><testcase name="Login user with all empty data"/></testsuite>