<?xml version="1.0" encoding="UTF-8"?><testsuite errors="0" failures="0" name="Update Class" skipped="0" tests="8" time="13.66" timestamp="2022-11-14 04:57:38"><testcase name="Put update class with valid class_name"/><testcase name="Put update class with valid status"/><testcase name="Put update class without authorization"/><testcase name="Put update class with all data empty in body JSON"/><testcase name="Put Update with Numeric Class Name in Body JSON"/><testcase name="Put Update with Special char in Body JSON"/><testcase name="Put Update with Numeric Status in Body JSON"/><testcase name="Put Update with Special Char Status in Body JSON"/></testsuite>