<?xml version="1.0" encoding="UTF-8"?><testsuite errors="0" failures="0" name="Post Add New Status" skipped="0" tests="8" time="40.99" timestamp="2022-11-14 04:58:19"><testcase name="Post add status using valid data with authorization"/><testcase name="Post add status using valid data without authorization"/><testcase name="Post add status using numeric caption in body JSON"/><testcase name="Post add status using special char caption in body JSON"/><testcase name="Post add status with empty caption in body JSON"/><testcase name="Post add status with invalid images extension"/><testcase name="Post add status with empty images"/><testcase name="Post add status with more than max image size"/></testsuite>