<?xml version="1.0" encoding="UTF-8"?><testsuite errors="0" failures="3" name="Update Task" skipped="0" tests="18" time="140.87" timestamp="2022-11-14 05:07:20"><testcase name="Update task with valid task id and valid data"/><testcase name="Update task with invalid task id and valid data"/><testcase name="Update task with unregistered task id and valid data"/><testcase name="Update task without task id and valid data"/><testcase name="Update Task with valId Id and  numeric title"/><testcase name="Update Task with valId Id and  Special Character title"/><testcase name="Update Task with valId Id and  more than max character title"/><testcase name="Update Task with valId Id and  numeric description"/><testcase name="Update Task with valId Id and  Special Character description"/><testcase name="Update Task with valId Id and  more than max character description"/><testcase name="Update Task with valId Id and  invalid Images extension"/><testcase name="Update Task with valId Id and  invalid file extension"/><testcase name="Update Task with valId Id and  big file size"/><testcase name="Update Task with valId Id and  invalid and  time format"><failure message="1 expectation failed.&#10;Expected status code &lt;400&gt; but was &lt;201&gt;.&#10;" type="java.lang.AssertionError">1 expectation failed.
Expected status code &lt;400&gt; but was &lt;201&gt;.
</failure><system-err>1 expectation failed.
Expected status code &lt;400&gt; but was &lt;201&gt;.
&#13;
io.restassured.internal.ResponseSpecificationImpl.validateResponseIfRequired(ResponseSpecificationImpl.groovy:674)&#13;
io.restassured.internal.ResponseSpecificationImpl.statusCode(ResponseSpecificationImpl.groovy:126)&#13;
io.restassured.internal.ResponseSpecificationImpl.statusCode(ResponseSpecificationImpl.groovy:134)&#13;
io.restassured.internal.ValidatableResponseOptionsImpl.statusCode(ValidatableResponseOptionsImpl.java:89)&#13;
io.restassured.internal.ValidatableResponseImpl.super$2$statusCode(ValidatableResponseImpl.groovy)&#13;
groovy.lang.MetaMethod.doMethodInvoke(MetaMethod.java:323)&#13;
groovy.lang.MetaClassImpl.invokeMethod(MetaClassImpl.java:1267)&#13;
io.restassured.internal.ValidatableResponseImpl.statusCode(ValidatableResponseImpl.groovy:142)&#13;
io.restassured.internal.ValidatableResponseImpl.statusCode(ValidatableResponseImpl.groovy)&#13;
mentutor.general.ResponseCode.shouldReturnBadRequest(ResponseCode.java:24)&#13;
✽.Should return 400 Bad Request(classpath:features/Mentor/UpdateTaskbyMentor.feature:119)&#13;
</system-err></testcase><testcase name="Update task without Token"/></testsuite>