<?xml version="1.0" encoding="UTF-8"?><testsuite errors="0" failures="0" name="Update Mentor Profile" skipped="0" tests="22" time="80.45" timestamp="2022-11-14 05:05:32"><testcase name="Get task with valid task id"/><testcase name="Get task with invalid task id"/><testcase name="Get task with unregistered task id"/><testcase name="Get detail task with valid task id without Token"/><testcase name="Update profile Mentor with all valid data"/><testcase name="Update name Mentor with Numeric"/><testcase name="Update name Mentor with Special char"/><testcase name="Update name Mentor with more than maximum char"/><testcase name="Update email Mentor without '@'"/><testcase name="Update email Mentor with full numeric email address"/><testcase name="Update email Mentor with space email address"/><testcase name="Update email Mentor with capital email address"/><testcase name="Update email Mentor with more than max char email name"/><testcase name="Update password Mentor with numeric only"/><testcase name="Update password Mentor with string only"/><testcase name="Update password Mentor with special character only"/><testcase name="Update Password Mentor with more than maximal character"/><testcase name="Update Password Mentor with less than minimum character"/><testcase name="Update profile Images Mentor with invalid Images extension"/><testcase name="Update profile Mentor with empty data"/><testcase name="Update email Mentor without '.'"/><testcase name="Update password Mentor space ( ) char"/></testsuite>