<?xml version="1.0" encoding="UTF-8"?><testsuite errors="0" failures="0" name="Submit score" skipped="0" tests="10" time="26.93" timestamp="2022-11-14 05:05:43"><testcase name="Add task score with valid task id and valid score"/><testcase name="Add task score with invalid task id and valid score"/><testcase name="Add task score with unregister task id and valid score"/><testcase name="Add task score without task id and valid score"/><testcase name="Add task score with valid task id and string score"/><testcase name="Add task score with valid task id and decimal score"/><testcase name="Add task score with valid task id and more than max score"/><testcase name="Add task score with valid task id and special char score"/><testcase name="Add task score with valid task id and empty score"/><testcase name="Add task score without Token"/></testsuite>