<?xml version="1.0" encoding="UTF-8"?><testsuite errors="0" failures="2" name="AssignTask" skipped="0" tests="6" time="67.41" timestamp="2022-11-14 04:59:34"><testcase name="Assign task with valid task id and valid file data"><failure message="1 expectation failed.&#10;Expected status code &lt;201&gt; but was &lt;400&gt;.&#10;" type="java.lang.AssertionError">1 expectation failed.
Expected status code &lt;201&gt; but was &lt;400&gt;.
</failure><system-err>1 expectation failed.
Expected status code &lt;201&gt; but was &lt;400&gt;.
&#13;
io.restassured.internal.ResponseSpecificationImpl.validateResponseIfRequired(ResponseSpecificationImpl.groovy:674)&#13;
io.restassured.internal.ResponseSpecificationImpl.statusCode(ResponseSpecificationImpl.groovy:126)&#13;
io.restassured.internal.ResponseSpecificationImpl.statusCode(ResponseSpecificationImpl.groovy:134)&#13;
io.restassured.internal.ValidatableResponseOptionsImpl.statusCode(ValidatableResponseOptionsImpl.java:89)&#13;
io.restassured.internal.ValidatableResponseImpl.super$2$statusCode(ValidatableResponseImpl.groovy)&#13;
groovy.lang.MetaMethod.doMethodInvoke(MetaMethod.java:323)&#13;
groovy.lang.MetaClassImpl.invokeMethod(MetaClassImpl.java:1267)&#13;
io.restassured.internal.ValidatableResponseImpl.statusCode(ValidatableResponseImpl.groovy:142)&#13;
io.restassured.internal.ValidatableResponseImpl.statusCode(ValidatableResponseImpl.groovy)&#13;
mentutor.general.ResponseCode.shouldReturnCreated(ResponseCode.java:16)&#13;
✽.Should return 201 Created(classpath:features/Mentee/AssignTask.feature:10)&#13;
</system-err></testcase><testcase name="Assign task with invalid task id and valid file data"/><testcase name="Assign task with unregistered task id and valid file data"/><testcase name="Assign task with valid task id and invalid file data"/><testcase name="Assign task with valid task id and big file size"/><testcase name="Assign task without Token"><failure message="1 expectation failed.&#10;Expected status code &lt;400&gt; but was &lt;520&gt;.&#10;" type="java.lang.AssertionError">1 expectation failed.
Expected status code &lt;400&gt; but was &lt;520&gt;.
</failure><system-err>1 expectation failed.
Expected status code &lt;400&gt; but was &lt;520&gt;.
&#13;
io.restassured.internal.ResponseSpecificationImpl.validateResponseIfRequired(ResponseSpecificationImpl.groovy:674)&#13;
io.restassured.internal.ResponseSpecificationImpl.statusCode(ResponseSpecificationImpl.groovy:126)&#13;
io.restassured.internal.ResponseSpecificationImpl.statusCode(ResponseSpecificationImpl.groovy:134)&#13;
io.restassured.internal.ValidatableResponseOptionsImpl.statusCode(ValidatableResponseOptionsImpl.java:89)&#13;
io.restassured.internal.ValidatableResponseImpl.super$2$statusCode(ValidatableResponseImpl.groovy)&#13;
groovy.lang.MetaMethod.doMethodInvoke(MetaMethod.java:323)&#13;
groovy.lang.MetaClassImpl.invokeMethod(MetaClassImpl.java:1267)&#13;
io.restassured.internal.ValidatableResponseImpl.statusCode(ValidatableResponseImpl.groovy:142)&#13;
io.restassured.internal.ValidatableResponseImpl.statusCode(ValidatableResponseImpl.groovy)&#13;
mentutor.general.ResponseCode.shouldReturnBadRequest(ResponseCode.java:24)&#13;
✽.Should return 400 Bad Request(classpath:features/Mentee/AssignTask.feature:30)&#13;
</system-err></testcase></testsuite>