<?xml version="1.0" encoding="UTF-8"?><testsuite errors="0" failures="0" name="Register New Class" skipped="0" tests="5" time="9.26" timestamp="2022-11-14 04:56:58"><testcase name="Post create new class using valid data with authorization"/><testcase name="Post create new class using valid data without authorization"/><testcase name="Post create new class with empty class name"/><testcase name="Post create new class with numeric class name in Body JSON"/><testcase name="Post create new class with special char class name in Body JSON"/></testsuite>