<?xml version="1.0" encoding="UTF-8"?><testsuite errors="0" failures="0" name="Update Mentee Profile" skipped="0" tests="18" time="70.79" timestamp="2022-11-14 05:00:48"><testcase name="Update profile Mentee with all valid data"/><testcase name="Update name Mentee with Numeric"/><testcase name="Update name Mentee with Special char"/><testcase name="Update name Mentee with more than maximum char"/><testcase name="Update email Mentee without '@'"/><testcase name="Update email Mentee with full numeric email address"/><testcase name="Update email Mentee with space email address"/><testcase name="Update email Mentee with capital email address"/><testcase name="Update email Mentee with more than max char email name"/><testcase name="Update password Mentee with numeric only"/><testcase name="Update password Mentee with string only"/><testcase name="Update password Mentee with special character only"/><testcase name="Update Password Mentee with more than maximal character"/><testcase name="Update Password Mentee with less than minimum character"/><testcase name="Update profile Images Mentee with invalid Images extension"/><testcase name="Update profile Mentee with empty data"/><testcase name="Update email Mentee without '.'"/><testcase name="Update password Mentee space ( ) char"/></testsuite>